2022-08-10 19:13:43,219 - Decorator - <<fibo_cache>> function - Finished: 0.000000 sec 
2022-08-10 19:13:46,991 - Decorator - <<fibo_no_cache>> function - Finished: 3.771857 sec 
2022-08-10 19:13:46,996 - Decorator - <<fact_no_cache>> function - Finished: 0.003995 sec 
2022-08-10 19:13:47,026 - Decorator - <<fact_cache>> function - Finished: 0.006001 sec 

2022-08-10 21:09:00,012 - Decorator - <<fibo_no_cache>> function - Finished: 5.059892 sec 
2022-08-10 21:09:17,607 - Decorator - <<wrapper>> function - Finished: 4.975139 sec 
2022-08-10 21:09:46,427 - Decorator - <<wrapper>> function - Finished: 4.425021 sec 
2022-08-10 21:10:03,323 - Decorator - <<fibo_no_cache>> function - Finished: 4.267174 sec 
2022-08-10 21:10:36,132 - Decorator - <<fibo_no_cache>> function - Finished: 0.000000 sec 
2022-08-10 21:45:34,562 - Decorator - <<fibo_cache>> function - Finished: 0.000000 sec 
2022-08-10 21:45:39,382 - Decorator - <<fibo_no_cache>> function - Finished: 4.819670 sec 
2022-08-10 21:45:39,382 - Decorator - <<fact_no_cache>> function - Finished: 0.000000 sec 
2022-08-16 20:57:02,752 - Decorator - <<fibo_cache>> function - Finished: 0.000000 sec 
2022-08-16 20:57:07,864 - Decorator - <<fibo_no_cache>> function - Finished: 5.111123 sec 
2022-08-16 20:57:07,869 - Decorator - <<fact_no_cache>> function - Finished: 0.003997 sec 
2022-08-16 20:58:03,155 - Decorator - <<fibo_cache>> function - Finished: 0.000000 sec 
2022-08-16 20:58:08,203 - Decorator - <<fibo_no_cache>> function - Finished: 5.046997 sec 
2022-08-16 20:58:08,206 - Decorator - <<fact_no_cache>> function - Finished: 0.002999 sec 
2022-08-16 20:59:07,290 - Decorator - <<fibo_cache>> function - Finished: 0.000000 sec 
2022-08-16 20:59:12,581 - Decorator - <<fibo_no_cache>> function - Finished: 5.290641 sec 
2022-08-16 20:59:12,583 - Decorator - <<fact_no_cache>> function - Finished: 0.001945 sec 
2022-08-16 20:59:41,462 - Decorator - <<fibo_cache>> function - Finished: 0.000000 sec 
2022-08-16 20:59:46,535 - Decorator - <<fibo_no_cache>> function - Finished: 5.071060 sec 
2022-08-16 20:59:46,537 - Decorator - <<fact_no_cache>> function - Finished: 0.000981 sec 
2022-08-16 21:00:01,395 - Decorator - <<fibo_cache>> function - Finished: 0.000000 sec 
2022-08-16 21:00:06,436 - Decorator - <<fibo_no_cache>> function - Finished: 5.040023 sec 
2022-08-16 21:00:06,436 - Decorator - <<fact_no_cache>> function - Finished: 0.000972 sec 
2022-08-16 21:00:06,437 - Decorator - <<fact_cache>> function - Finished: 0.000961 sec 
2022-08-16 21:00:50,461 - Decorator - <<fibo_cache>> function - Finished: 0.000000 sec 
2022-08-16 21:00:55,453 - Decorator - <<fibo_no_cache>> function - Finished: 4.992031 sec 
2022-08-16 21:00:55,454 - Decorator - <<fact_no_cache>> function - Finished: 0.000000 sec 
2022-08-16 21:00:55,454 - Decorator - <<fact_cache>> function - Finished: 0.000000 sec 
2022-08-16 21:01:03,347 - Decorator - <<fibo_cache>> function - Finished: 0.000000 sec 
2022-08-16 21:01:08,517 - Decorator - <<fibo_no_cache>> function - Finished: 5.170000 sec 
2022-08-16 21:01:08,517 - Decorator - <<fact_no_cache>> function - Finished: 0.000000 sec 
2022-08-16 21:01:08,518 - Decorator - <<fact_cache>> function - Finished: 0.001000 sec 
2022-08-16 21:01:11,551 - Decorator - <<fibo_cache>> function - Finished: 0.000000 sec 
2022-08-16 21:01:16,098 - Decorator - <<fibo_no_cache>> function - Finished: 4.547042 sec 
2022-08-16 21:01:16,099 - Decorator - <<fact_no_cache>> function - Finished: 0.000996 sec 
2022-08-16 21:01:16,100 - Decorator - <<fact_cache>> function - Finished: 0.000955 sec 
2022-08-16 21:01:29,760 - Decorator - <<fibo_cache>> function - Finished: 0.000000 sec 
2022-08-16 21:01:35,173 - Decorator - <<fibo_no_cache>> function - Finished: 5.413044 sec 
2022-08-16 21:01:35,174 - Decorator - <<fact_no_cache>> function - Finished: 0.001000 sec 
2022-08-16 21:01:35,177 - Decorator - <<fact_cache>> function - Finished: 0.002964 sec 
2022-08-16 21:08:49,773 - Decorator - <<fibo_cache>> function - Finished: 0.000000 sec 
2022-08-16 21:08:54,879 - Decorator - <<fibo_no_cache>> function - Finished: 5.105758 sec 
2022-08-16 21:08:54,880 - Decorator - <<fact_no_cache>> function - Finished: 0.000984 sec 
2022-08-16 21:08:54,881 - Decorator - <<fact_cache>> function - Finished: 0.000964 sec 
