2022-08-04 20:38:39,551 -	 USER - INFO	 - Bank account with 783955 for mehdi with 1000 has created.
2022-08-04 20:38:39,551 -	 USER - INFO	 - User mehdi with 999 and bank account: Bank account with 783955 for mehdi with 1000
2022-08-04 20:38:39,551 -	 USER - INFO	 - user has pickled into users.pickle
2022-08-04 20:58:05,108 -	 USER - INFO	 - Bank account with 897764 account number for mehdi mirzaie with 10000        balance has created.
2022-08-04 20:58:05,108 -	 USER - INFO	 - User mehdi mirzaie with 179 and bank account: Bank account with 897764 account number for mehdi mirzaie with 10000        balance has created.
2022-08-04 20:58:05,108 -	 USER - INFO	 - user has pickled into users.pickle
2022-08-04 21:09:06,459 -	 USER - INFO	 - Bank account with 964419 account number for mehdi mirzaie with 10000 balance has created.
2022-08-04 21:09:06,460 -	 USER - INFO	 - User mehdi mirzaie with 886 and bank account: Bank account with 964419 account number for mehdi mirzaie with 10000 balance has created.
2022-08-04 21:09:06,461 -	 USER - INFO	 - user has pickled into users.pickle
2022-08-04 21:14:01,654 -	 USER - INFO	 - Bank account with 542698 account number for mehdi mirzaie with 10000 balance has created.
2022-08-04 21:14:01,654 -	 USER - INFO	 - User mehdi mirzaie with 83 and bank account: Bank account with 542698 account number for mehdi mirzaie with 10000 balance has created.
2022-08-04 21:14:01,655 -	 USER - INFO	 - user has pickled into users.pickle
2022-08-04 21:17:51,955 -	 USER - ERROR	 - FullNameError: name must be at least 3 characters
2022-08-04 21:19:46,022 -	 USER - INFO	 - Bank account with 277921 account number for mehdi mirzaie with 21531 balance has created.
2022-08-04 21:19:46,022 -	 USER - INFO	 - User mehdi mirzaie with 876 and bank account: Bank account with 277921 account number for mehdi mirzaie with 21531 balance has created.
2022-08-04 21:19:46,022 -	 USER - INFO	 - user has pickled into users.pickle
2022-08-04 22:15:22,742 -	 USER - INFO	 - Bank account with 837996 account number for mehdi mirzaie with 100000 balance has created.
2022-08-04 22:15:22,742 -	 USER - INFO	 - User mehdi mirzaie with 193 and bank account: Bank account with 837996 account number for mehdi mirzaie with 100000 balance has created.
2022-08-04 22:15:22,743 -	 USER - INFO	 - user has pickled into users.pickle
2022-08-04 22:18:43,775 -	 USER - INFO	 - Bank account with 474447 account number for mehdi mirzaie with 100000000 balance has created.
2022-08-04 22:18:43,776 -	 USER - INFO	 - User mehdi mirzaie with 573 and bank account: Bank account with 474447 account number for mehdi mirzaie with 100000000 balance has created.
2022-08-04 22:18:43,776 -	 USER - INFO	 - user has pickled into users.pickle
2022-08-04 22:21:09,721 -	 USER - INFO	 - Bank account with 868649 account number for mehdi with 1000 balance has created.
2022-08-04 22:21:09,721 -	 USER - INFO	 - User mehdi with 668 and bank account: Bank account with 868649 account number for mehdi with 1000 balance has created.
2022-08-04 22:21:09,722 -	 USER - INFO	 - user has pickled into users.pickle
2022-08-04 22:24:59,424 -	 USER - INFO	 - Bank account with 896179 account number for mehdi with 1000 balance has created.
2022-08-04 22:24:59,425 -	 USER - INFO	 - User mehdi with 496 and bank account: Bank account with 896179 account number for mehdi with 1000 balance has created.
2022-08-04 22:24:59,426 -	 USER - INFO	 - user has pickled into users.pickle
2022-08-04 22:27:25,689 -	 USER - INFO	 - Bank account with 241583 account number for mehdi with 1000 balance has created.
2022-08-04 22:27:25,690 -	 USER - INFO	 - User mehdi with 881 and bank account: Bank account with 241583 account number for mehdi with 1000 balance has created.
2022-08-04 22:27:25,690 -	 USER - INFO	 - user has pickled into users.pickle
2022-08-04 22:30:15,137 -	 Bank Account - INFO	 - 100.0 Withdraw from 241583 account your current balance: 900.0
2022-08-05 00:22:25,935 -	 USER - INFO	 - Bank account with 984744 account number for mehdi mirzaie with 10000 balance has created.
2022-08-05 00:22:25,935 -	 USER - INFO	 - User mehdi mirzaie with 885 and bank account: Bank account with 984744 account number for mehdi mirzaie with 10000 balance has created.
2022-08-05 00:22:25,936 -	 USER - INFO	 - user has pickled into users.pickle
2022-08-05 00:23:38,199 -	 Purchase - INFO	 - 10 Withdraw from 984744 account your current balance: 9990
2022-08-05 00:23:38,200 -	 Purchase - INFO	 - single_trip card's charge is 10
2022-08-05 00:23:38,200 -	 Purchase - INFO	 - single_trip card has created
2022-08-05 00:23:38,200 -	 Purchase - INFO	 - single_trip card added to mehdi mirzaie' wallet
2022-08-05 00:28:52,816 -	 USER - INFO	 - Bank account with 317561 account number for mehdi with 10000 balance has created.
2022-08-05 00:28:52,817 -	 USER - INFO	 - User mehdi with 360 and bank account: Bank account with 317561 account number for mehdi with 10000 balance has created.
2022-08-05 00:28:52,817 -	 USER - INFO	 - user has pickled into users.pickle
2022-08-05 00:29:03,607 -	 Purchase - INFO	 - 10 Withdraw from 317561 account your current balance: 9990
2022-08-05 00:29:03,607 -	 Purchase - INFO	 - single_trip card's charge is 10
2022-08-05 00:29:03,608 -	 Purchase - INFO	 - single_trip card has created
2022-08-05 00:29:03,608 -	 Purchase - INFO	 - single_trip card added to mehdi' wallet
2022-08-05 00:31:14,777 -	 USER - INFO	 - Bank account with 663343 account number for mehdi with 10000 balance has created.
2022-08-05 00:31:14,777 -	 USER - INFO	 - User mehdi with 169 and bank account: Bank account with 663343 account number for mehdi with 10000 balance has created.
2022-08-05 00:31:14,778 -	 USER - INFO	 - user has pickled into users.pickle
2022-08-05 00:31:21,401 -	 Purchase - INFO	 - 10 Withdraw from 663343 account your current balance: 9990
2022-08-05 00:31:21,402 -	 Purchase - INFO	 - single_trip card's charge is 10
2022-08-05 00:31:21,402 -	 Purchase - INFO	 - single_trip card has created
2022-08-05 00:31:21,402 -	 Purchase - INFO	 - single_trip card added to mehdi' wallet
2022-08-05 00:31:29,520 -	 Purchase - INFO	 - 20.0 Withdraw from 663343 account your current balance: 9970.0
2022-08-05 00:31:29,520 -	 Purchase - ERROR	 - ChargeError: charge must an int number
2022-08-05 00:33:21,687 -	 USER - INFO	 - Bank account with 881575 account number for mehdi with 10000 balance has created.
2022-08-05 00:33:21,687 -	 USER - INFO	 - User mehdi with 842 and bank account: Bank account with 881575 account number for mehdi with 10000 balance has created.
2022-08-05 00:33:21,688 -	 USER - INFO	 - user has pickled into users.pickle
2022-08-05 00:33:30,225 -	 Purchase - INFO	 - 10 Withdraw from 881575 account your current balance: 9990
2022-08-05 00:33:30,225 -	 Purchase - INFO	 - single_trip card's charge is 10
2022-08-05 00:33:30,225 -	 Purchase - INFO	 - single_trip card has created
2022-08-05 00:33:30,225 -	 Purchase - INFO	 - single_trip card added to mehdi' wallet
2022-08-05 00:33:37,427 -	 Purchase - INFO	 - 100 Withdraw from 881575 account your current balance: 9890
2022-08-05 00:33:37,427 -	 Purchase - INFO	 - credit card's charge is 100
2022-08-05 00:33:37,427 -	 Purchase - INFO	 - credit card has created
2022-08-05 00:33:37,427 -	 Purchase - INFO	 - credit card added to mehdi' wallet
2022-08-05 00:33:52,047 -	 Purchase - INFO	 - 100 Withdraw from 881575 account your current balance: 9790
2022-08-05 00:33:52,047 -	 Purchase - INFO	 - term card's charge is 100
2022-08-05 00:33:52,047 -	 Purchase - INFO	 - term card has created
2022-08-05 00:33:52,047 -	 Purchase - INFO	 - term card added to mehdi' wallet
2022-08-05 00:48:04,882 -	 USER - INFO	 - Bank account with 571916 account number for mehdi with 10000 balance has created.
2022-08-05 00:48:04,882 -	 USER - INFO	 - User mehdi with 313 and bank account: Bank account with 571916 account number for mehdi with 10000 balance has created.
2022-08-05 00:48:04,883 -	 USER - INFO	 - user has pickled into users.pickle
2022-08-05 00:48:09,377 -	 Purchase - INFO	 - 10 Withdraw from 571916 account your current balance: 9990
2022-08-05 00:48:09,378 -	 Purchase - INFO	 - single_trip card's charge is 10
2022-08-05 00:48:09,378 -	 Purchase - INFO	 - single_trip card has created
2022-08-05 00:48:09,378 -	 Purchase - INFO	 - single_trip card added to mehdi' wallet
2022-08-05 00:48:19,361 -	 Purchase - INFO	 - 100 Withdraw from 571916 account your current balance: 9890
2022-08-05 00:48:19,361 -	 Purchase - INFO	 - credit card's charge is 100
2022-08-05 00:48:19,361 -	 Purchase - INFO	 - credit card has created
2022-08-05 00:48:19,361 -	 Purchase - INFO	 - credit card added to mehdi' wallet
2022-08-05 00:53:43,768 -	 USER - INFO	 - Bank account with 114175 account number for mehdi with 1000 balance has created.
2022-08-05 00:53:43,769 -	 USER - INFO	 - User mehdi with 995 and bank account: Bank account with 114175 account number for mehdi with 1000 balance has created.
2022-08-05 00:53:43,769 -	 USER - INFO	 - user has pickled into users.pickle
2022-08-05 00:53:57,121 -	 Purchase - INFO	 - 10 Withdraw from 114175 account your current balance: 990
2022-08-05 00:53:57,122 -	 Purchase - INFO	 - single_trip card's charge is 10
2022-08-05 00:53:57,122 -	 Purchase - INFO	 - single_trip card has created
2022-08-05 00:53:57,122 -	 Purchase - INFO	 - single_trip card added to mehdi' wallet
2022-08-05 00:54:02,785 -	 Purchase - INFO	 - 100 Withdraw from 114175 account your current balance: 890
2022-08-05 00:54:02,785 -	 Purchase - INFO	 - credit card's charge is 100
2022-08-05 00:54:02,785 -	 Purchase - INFO	 - credit card has created
2022-08-05 00:54:02,786 -	 Purchase - INFO	 - credit card added to mehdi' wallet
2022-08-05 01:30:38,330 -	 USER - INFO	 - Bank account with 470293 account number for mehdi with 1000 balance has created.
2022-08-05 01:30:38,331 -	 USER - INFO	 - User mehdi with 683 and bank account: Bank account with 470293 account number for mehdi with 1000 balance has created.
2022-08-05 01:30:38,331 -	 USER - INFO	 - user has pickled into users.pickle
2022-08-05 01:30:45,991 -	 Purchase - INFO	 - 10 Withdraw from 470293 account your current balance: 990
2022-08-05 01:30:45,991 -	 Purchase - INFO	 - single_trip card's charge is 10
2022-08-05 01:30:45,991 -	 Purchase - INFO	 - single_trip card has created
2022-08-05 01:30:45,991 -	 Purchase - INFO	 - single_trip card added to mehdi' wallet
2022-08-05 01:30:57,323 -	 Purchase - INFO	 - 100 Withdraw from 470293 account your current balance: 890
2022-08-05 01:30:57,324 -	 Purchase - INFO	 - term card's charge is 100
2022-08-05 01:30:57,324 -	 Purchase - INFO	 - term card has created
2022-08-05 01:30:57,324 -	 Purchase - INFO	 - term card added to mehdi' wallet
2022-08-05 01:53:03,264 -	 USER - INFO	 - Bank account with 363201 account number for mehdi mirzaie with 1000 balance has created.
2022-08-05 01:53:03,264 -	 USER - INFO	 - User mehdi mirzaie with 382 and bank account: Bank account with 363201 account number for mehdi mirzaie with 1000 balance has created.
2022-08-05 01:53:03,264 -	 USER - INFO	 - user has pickled into users.pickle
2022-08-05 01:53:48,673 -	 Purchase - INFO	 - 10 Withdraw from 363201 account your current balance: 990
2022-08-05 01:53:48,673 -	 Purchase - INFO	 - single_trip card's charge is 10
2022-08-05 01:53:48,673 -	 Purchase - INFO	 - single_trip card has created
2022-08-05 01:53:48,673 -	 Purchase - INFO	 - single_trip card added to mehdi mirzaie' wallet
2022-08-05 01:55:31,114 -	 Trip - INFO	 - The Trip registered
2022-08-05 01:55:31,114 -	 Trip - INFO	 - you paid 10 for the trip, by single_trip card
2022-08-05 01:55:31,114 -	 Trip - INFO	 - user: mehdi mirzaie payed the cost of the origin: kermanshah|destination: tehran trip with single_trip card
2022-08-05 01:55:36,114 -	 Trip - INFO	 - origin: kermanshah|destination: tehran trip has done
